Build started 4/17/2015 9:59:50 PM.
     1>Project "\\wfs1\users$\tianqi\Desktop\newest\updated\MyTrain (Tianqi)\Train2014\TrainFiles\Train.vcxproj" on node 2 (Build target(s)).
     1>ClCompile:
         C:\Program Files (x86)\Microsoft Visual Studio 12.0\VC\bin\CL.exe /c /I"C:\Program Files (x86)\FLTK 1.3.2\include" /I.. /ZI /nologo /W3 /WX- /Od /Oy- /D WIN32 /D _DEBUG /D _CONSOLE /D _CRT_SECURE_NO_WARNINGS /D _UNICODE /D UNICODE /Gm /EHsc /RTC1 /MDd /GS /fp:precise /Zc:wchar_t /Zc:forScope /Fo"Debug\\" /Fd"Debug\vc120.pdb" /Gd /TP /analyze- /errorReport:prompt CallBacks.cpp ControlPoint.cpp Train.cpp TrainView.cpp TrainWindow.cpp World.cpp ..\Utilities\3DUtils.cpp ..\Utilities\ArcBallCam.cpp ..\Utilities\Pnt3f.cpp
         Pnt3f.cpp
         ArcBallCam.cpp
         3DUtils.cpp
     1>c:\program files (x86)\microsoft visual studio 12.0\vc\include\xtgmath.h(190): warning C4273: '_hypot' : inconsistent dll linkage
                 c:\program files (x86)\microsoft visual studio 12.0\vc\include\math.h(538) : see previous definition of '_hypot'
     1>\\wfs1\users$\tianqi\desktop\newest\updated\mytrain (tianqi)\train2014\utilities\3dutils.cpp(99): warning C4305: 'initializing' : truncation from 'double' to 'float'
     1>\\wfs1\users$\tianqi\desktop\newest\updated\mytrain (tianqi)\train2014\utilities\3dutils.cpp(101): warning C4305: 'initializing' : truncation from 'double' to 'float'
         World.cpp
     1>\\wfs1\users$\tianqi\desktop\newest\updated\mytrain (tianqi)\train2014\trainfiles\world.h(47): warning C4305: 'initializing' : truncation from 'double' to 'float'
     1>\\wfs1\users$\tianqi\desktop\newest\updated\mytrain (tianqi)\train2014\trainfiles\world.h(50): warning C4305: 'initializing' : truncation from 'double' to 'float'
     1>\\wfs1\users$\tianqi\desktop\newest\updated\mytrain (tianqi)\train2014\trainfiles\world.cpp(23): warning C4305: '=' : truncation from 'double' to 'float'
     1>\\wfs1\users$\tianqi\desktop\newest\updated\mytrain (tianqi)\train2014\trainfiles\world.cpp(25): warning C4305: '=' : truncation from 'double' to 'float'
     1>\\wfs1\users$\tianqi\desktop\newest\updated\mytrain (tianqi)\train2014\trainfiles\world.cpp(27): warning C4305: '=' : truncation from 'double' to 'float'
     1>\\wfs1\users$\tianqi\desktop\newest\updated\mytrain (tianqi)\train2014\trainfiles\world.cpp(30): warning C4305: '=' : truncation from 'double' to 'float'
     1>\\wfs1\users$\tianqi\desktop\newest\updated\mytrain (tianqi)\train2014\trainfiles\world.cpp(33): warning C4305: '=' : truncation from 'double' to 'float'
         TrainWindow.cpp
     1>\\wfs1\users$\tianqi\desktop\newest\updated\mytrain (tianqi)\train2014\trainfiles\world.h(47): warning C4305: 'initializing' : truncation from 'double' to 'float'
     1>\\wfs1\users$\tianqi\desktop\newest\updated\mytrain (tianqi)\train2014\trainfiles\world.h(50): warning C4305: 'initializing' : truncation from 'double' to 'float'
     1>\\wfs1\users$\tianqi\desktop\newest\updated\mytrain (tianqi)\train2014\trainfiles\trainwindow.cpp(216): warning C4305: 'initializing' : truncation from 'double' to 'float'
     1>\\wfs1\users$\tianqi\desktop\newest\updated\mytrain (tianqi)\train2014\trainfiles\trainwindow.cpp(237): warning C4244: '=' : conversion from 'double' to 'float', possible loss of data
     1>\\wfs1\users$\tianqi\desktop\newest\updated\mytrain (tianqi)\train2014\trainfiles\trainwindow.cpp(249): warning C4244: '=' : conversion from 'double' to 'float', possible loss of data
     1>\\wfs1\users$\tianqi\desktop\newest\updated\mytrain (tianqi)\train2014\trainfiles\trainwindow.cpp(253): warning C4244: '=' : conversion from 'double' to 'float', possible loss of data
     1>\\wfs1\users$\tianqi\desktop\newest\updated\mytrain (tianqi)\train2014\trainfiles\trainwindow.cpp(258): warning C4244: '=' : conversion from 'double' to 'float', possible loss of data
     1>\\wfs1\users$\tianqi\desktop\newest\updated\mytrain (tianqi)\train2014\trainfiles\trainwindow.cpp(262): warning C4244: '=' : conversion from 'double' to 'float', possible loss of data
     1>\\wfs1\users$\tianqi\desktop\newest\updated\mytrain (tianqi)\train2014\trainfiles\trainwindow.cpp(264): warning C4244: '=' : conversion from 'double' to 'float', possible loss of data
     1>\\wfs1\users$\tianqi\desktop\newest\updated\mytrain (tianqi)\train2014\trainfiles\trainwindow.cpp(270): warning C4244: '=' : conversion from 'double' to 'float', possible loss of data
     1>\\wfs1\users$\tianqi\desktop\newest\updated\mytrain (tianqi)\train2014\trainfiles\trainwindow.cpp(271): warning C4244: '=' : conversion from 'double' to 'float', possible loss of data
     1>\\wfs1\users$\tianqi\desktop\newest\updated\mytrain (tianqi)\train2014\trainfiles\trainwindow.cpp(272): warning C4244: '=' : conversion from 'double' to 'float', possible loss of data
     1>\\wfs1\users$\tianqi\desktop\newest\updated\mytrain (tianqi)\train2014\trainfiles\trainwindow.cpp(333): warning C4244: '=' : conversion from 'double' to 'float', possible loss of data
     1>\\wfs1\users$\tianqi\desktop\newest\updated\mytrain (tianqi)\train2014\trainfiles\trainwindow.cpp(334): warning C4244: '=' : conversion from 'double' to 'float', possible loss of data
     1>\\wfs1\users$\tianqi\desktop\newest\updated\mytrain (tianqi)\train2014\trainfiles\trainwindow.cpp(337): warning C4244: '=' : conversion from 'double' to 'float', possible loss of data
     1>\\wfs1\users$\tianqi\desktop\newest\updated\mytrain (tianqi)\train2014\trainfiles\trainwindow.cpp(338): warning C4244: '=' : conversion from 'double' to 'float', possible loss of data
     1>\\wfs1\users$\tianqi\desktop\newest\updated\mytrain (tianqi)\train2014\trainfiles\trainwindow.cpp(359): warning C4244: '+=' : conversion from 'double' to 'float', possible loss of data
     1>\\wfs1\users$\tianqi\desktop\newest\updated\mytrain (tianqi)\train2014\trainfiles\trainwindow.cpp(367): warning C4244: '=' : conversion from 'double' to 'float', possible loss of data
     1>\\wfs1\users$\tianqi\desktop\newest\updated\mytrain (tianqi)\train2014\trainfiles\trainwindow.cpp(368): warning C4244: '=' : conversion from 'double' to 'float', possible loss of data
     1>\\wfs1\users$\tianqi\desktop\newest\updated\mytrain (tianqi)\train2014\trainfiles\trainwindow.cpp(369): warning C4244: '=' : conversion from 'double' to 'float', possible loss of data
     1>\\wfs1\users$\tianqi\desktop\newest\updated\mytrain (tianqi)\train2014\trainfiles\trainwindow.cpp(371): warning C4244: '=' : conversion from 'double' to 'float', possible loss of data
     1>\\wfs1\users$\tianqi\desktop\newest\updated\mytrain (tianqi)\train2014\trainfiles\trainwindow.cpp(372): warning C4244: '=' : conversion from 'double' to 'float', possible loss of data
     1>\\wfs1\users$\tianqi\desktop\newest\updated\mytrain (tianqi)\train2014\trainfiles\trainwindow.cpp(373): warning C4244: '=' : conversion from 'double' to 'float', possible loss of data
     1>\\wfs1\users$\tianqi\desktop\newest\updated\mytrain (tianqi)\train2014\trainfiles\trainwindow.cpp(388): warning C4244: '+=' : conversion from 'double' to 'float', possible loss of data
     1>\\wfs1\users$\tianqi\desktop\newest\updated\mytrain (tianqi)\train2014\trainfiles\trainwindow.cpp(396): warning C4244: '=' : conversion from 'double' to 'float', possible loss of data
     1>\\wfs1\users$\tianqi\desktop\newest\updated\mytrain (tianqi)\train2014\trainfiles\trainwindow.cpp(401): warning C4244: '=' : conversion from 'double' to 'float', possible loss of data
     1>\\wfs1\users$\tianqi\desktop\newest\updated\mytrain (tianqi)\train2014\trainfiles\trainwindow.cpp(402): warning C4244: '=' : conversion from 'double' to 'float', possible loss of data
     1>\\wfs1\users$\tianqi\desktop\newest\updated\mytrain (tianqi)\train2014\trainfiles\trainwindow.cpp(403): warning C4244: '=' : conversion from 'double' to 'float', possible loss of data
     1>\\wfs1\users$\tianqi\desktop\newest\updated\mytrain (tianqi)\train2014\trainfiles\trainwindow.cpp(405): warning C4244: '=' : conversion from 'double' to 'float', possible loss of data
     1>\\wfs1\users$\tianqi\desktop\newest\updated\mytrain (tianqi)\train2014\trainfiles\trainwindow.cpp(406): warning C4244: '=' : conversion from 'double' to 'float', possible loss of data
     1>\\wfs1\users$\tianqi\desktop\newest\updated\mytrain (tianqi)\train2014\trainfiles\trainwindow.cpp(407): warning C4244: '=' : conversion from 'double' to 'float', possible loss of data
     1>\\wfs1\users$\tianqi\desktop\newest\updated\mytrain (tianqi)\train2014\trainfiles\trainwindow.cpp(423): warning C4244: '=' : conversion from 'double' to 'float', possible loss of data
     1>\\wfs1\users$\tianqi\desktop\newest\updated\mytrain (tianqi)\train2014\trainfiles\trainwindow.cpp(426): warning C4244: '=' : conversion from 'double' to 'float', possible loss of data
     1>\\wfs1\users$\tianqi\desktop\newest\updated\mytrain (tianqi)\train2014\trainfiles\trainwindow.cpp(429): warning C4244: '=' : conversion from 'double' to 'float', possible loss of data
     1>\\wfs1\users$\tianqi\desktop\newest\updated\mytrain (tianqi)\train2014\trainfiles\trainwindow.cpp(432): warning C4244: '=' : conversion from 'double' to 'float', possible loss of data
     1>\\wfs1\users$\tianqi\desktop\newest\updated\mytrain (tianqi)\train2014\trainfiles\trainwindow.cpp(434): warning C4244: '=' : conversion from 'double' to 'float', possible loss of data
     1>\\wfs1\users$\tianqi\desktop\newest\updated\mytrain (tianqi)\train2014\trainfiles\trainwindow.cpp(487): warning C4244: '+=' : conversion from 'double' to 'float', possible loss of data
     1>\\wfs1\users$\tianqi\desktop\newest\updated\mytrain (tianqi)\train2014\trainfiles\trainwindow.cpp(495): warning C4244: '=' : conversion from 'double' to 'float', possible loss of data
     1>\\wfs1\users$\tianqi\desktop\newest\updated\mytrain (tianqi)\train2014\trainfiles\trainwindow.cpp(496): warning C4244: '=' : conversion from 'double' to 'float', possible loss of data
     1>\\wfs1\users$\tianqi\desktop\newest\updated\mytrain (tianqi)\train2014\trainfiles\trainwindow.cpp(497): warning C4244: '=' : conversion from 'double' to 'float', possible loss of data
     1>\\wfs1\users$\tianqi\desktop\newest\updated\mytrain (tianqi)\train2014\trainfiles\trainwindow.cpp(499): warning C4244: '=' : conversion from 'double' to 'float', possible loss of data
     1>\\wfs1\users$\tianqi\desktop\newest\updated\mytrain (tianqi)\train2014\trainfiles\trainwindow.cpp(500): warning C4244: '=' : conversion from 'double' to 'float', possible loss of data
     1>\\wfs1\users$\tianqi\desktop\newest\updated\mytrain (tianqi)\train2014\trainfiles\trainwindow.cpp(501): warning C4244: '=' : conversion from 'double' to 'float', possible loss of data
     1>\\wfs1\users$\tianqi\desktop\newest\updated\mytrain (tianqi)\train2014\trainfiles\trainwindow.cpp(515): warning C4244: '+=' : conversion from 'double' to 'float', possible loss of data
     1>\\wfs1\users$\tianqi\desktop\newest\updated\mytrain (tianqi)\train2014\trainfiles\trainwindow.cpp(524): warning C4244: '=' : conversion from 'double' to 'float', possible loss of data
     1>\\wfs1\users$\tianqi\desktop\newest\updated\mytrain (tianqi)\train2014\trainfiles\trainwindow.cpp(532): warning C4244: '=' : conversion from 'double' to 'float', possible loss of data
     1>\\wfs1\users$\tianqi\desktop\newest\updated\mytrain (tianqi)\train2014\trainfiles\trainwindow.cpp(533): warning C4244: '=' : conversion from 'double' to 'float', possible loss of data
     1>\\wfs1\users$\tianqi\desktop\newest\updated\mytrain (tianqi)\train2014\trainfiles\trainwindow.cpp(534): warning C4244: '=' : conversion from 'double' to 'float', possible loss of data
     1>\\wfs1\users$\tianqi\desktop\newest\updated\mytrain (tianqi)\train2014\trainfiles\trainwindow.cpp(536): warning C4244: '=' : conversion from 'double' to 'float', possible loss of data
     1>\\wfs1\users$\tianqi\desktop\newest\updated\mytrain (tianqi)\train2014\trainfiles\trainwindow.cpp(537): warning C4244: '=' : conversion from 'double' to 'float', possible loss of data
     1>\\wfs1\users$\tianqi\desktop\newest\updated\mytrain (tianqi)\train2014\trainfiles\trainwindow.cpp(538): warning C4244: '=' : conversion from 'double' to 'float', possible loss of data
     1>\\wfs1\users$\tianqi\desktop\newest\updated\mytrain (tianqi)\train2014\trainfiles\trainwindow.cpp(554): warning C4244: '=' : conversion from 'double' to 'float', possible loss of data
     1>\\wfs1\users$\tianqi\desktop\newest\updated\mytrain (tianqi)\train2014\trainfiles\trainwindow.cpp(557): warning C4244: '=' : conversion from 'double' to 'float', possible loss of data
     1>\\wfs1\users$\tianqi\desktop\newest\updated\mytrain (tianqi)\train2014\trainfiles\trainwindow.cpp(560): warning C4244: '=' : conversion from 'double' to 'float', possible loss of data
     1>\\wfs1\users$\tianqi\desktop\newest\updated\mytrain (tianqi)\train2014\trainfiles\trainwindow.cpp(563): warning C4244: '=' : conversion from 'double' to 'float', possible loss of data
     1>\\wfs1\users$\tianqi\desktop\newest\updated\mytrain (tianqi)\train2014\trainfiles\trainwindow.cpp(565): warning C4244: '=' : conversion from 'double' to 'float', possible loss of data
         TrainView.cpp
     1>c:\program files (x86)\microsoft visual studio 12.0\vc\include\xtgmath.h(190): warning C4273: '_hypot' : inconsistent dll linkage
                 c:\program files (x86)\microsoft visual studio 12.0\vc\include\math.h(538) : see previous definition of '_hypot'
     1>\\wfs1\users$\tianqi\desktop\newest\updated\mytrain (tianqi)\train2014\trainfiles\world.h(47): warning C4305: 'initializing' : truncation from 'double' to 'float'
     1>\\wfs1\users$\tianqi\desktop\newest\updated\mytrain (tianqi)\train2014\trainfiles\world.h(50): warning C4305: 'initializing' : truncation from 'double' to 'float'
     1>\\wfs1\users$\tianqi\desktop\newest\updated\mytrain (tianqi)\train2014\trainfiles\trainview.cpp(118): warning C4305: 'argument' : truncation from 'double' to 'GLclampf'
     1>\\wfs1\users$\tianqi\desktop\newest\updated\mytrain (tianqi)\train2014\trainfiles\trainview.cpp(318): warning C4305: 'argument' : truncation from 'double' to 'GLfloat'
     1>\\wfs1\users$\tianqi\desktop\newest\updated\mytrain (tianqi)\train2014\trainfiles\trainview.cpp(326): warning C4305: 'argument' : truncation from 'double' to 'GLfloat'
     1>\\wfs1\users$\tianqi\desktop\newest\updated\mytrain (tianqi)\train2014\trainfiles\trainview.cpp(337): warning C4305: 'argument' : truncation from 'double' to 'GLfloat'
     1>\\wfs1\users$\tianqi\desktop\newest\updated\mytrain (tianqi)\train2014\trainfiles\trainview.cpp(345): warning C4305: 'argument' : truncation from 'double' to 'GLfloat'
     1>\\wfs1\users$\tianqi\desktop\newest\updated\mytrain (tianqi)\train2014\trainfiles\trainview.cpp(358): warning C4305: 'argument' : truncation from 'double' to 'GLfloat'
     1>\\wfs1\users$\tianqi\desktop\newest\updated\mytrain (tianqi)\train2014\trainfiles\trainview.cpp(366): warning C4305: 'argument' : truncation from 'double' to 'GLfloat'
     1>\\wfs1\users$\tianqi\desktop\newest\updated\mytrain (tianqi)\train2014\trainfiles\trainview.cpp(379): warning C4305: 'argument' : truncation from 'double' to 'GLfloat'
     1>\\wfs1\users$\tianqi\desktop\newest\updated\mytrain (tianqi)\train2014\trainfiles\trainview.cpp(387): warning C4305: 'argument' : truncation from 'double' to 'GLfloat'
     1>\\wfs1\users$\tianqi\desktop\newest\updated\mytrain (tianqi)\train2014\trainfiles\trainview.cpp(407): warning C4018: '<' : signed/unsigned mismatch
     1>\\wfs1\users$\tianqi\desktop\newest\updated\mytrain (tianqi)\train2014\trainfiles\trainview.cpp(418): warning C4305: 'argument' : truncation from 'double' to 'GLfloat'
     1>\\wfs1\users$\tianqi\desktop\newest\updated\mytrain (tianqi)\train2014\trainfiles\trainview.cpp(431): warning C4244: '=' : conversion from 'double' to 'float', possible loss of data
     1>\\wfs1\users$\tianqi\desktop\newest\updated\mytrain (tianqi)\train2014\trainfiles\trainview.cpp(435): warning C4244: '=' : conversion from 'double' to 'float', possible loss of data
     1>\\wfs1\users$\tianqi\desktop\newest\updated\mytrain (tianqi)\train2014\trainfiles\trainview.cpp(440): warning C4244: '=' : conversion from 'double' to 'float', possible loss of data
     1>\\wfs1\users$\tianqi\desktop\newest\updated\mytrain (tianqi)\train2014\trainfiles\trainview.cpp(444): warning C4244: '=' : conversion from 'double' to 'float', possible loss of data
     1>\\wfs1\users$\tianqi\desktop\newest\updated\mytrain (tianqi)\train2014\trainfiles\trainview.cpp(446): warning C4244: '=' : conversion from 'double' to 'float', possible loss of data
     1>\\wfs1\users$\tianqi\desktop\newest\updated\mytrain (tianqi)\train2014\trainfiles\trainview.cpp(456): warning C4244: 'argument' : conversion from 'double' to 'GLfloat', possible loss of data
     1>\\wfs1\users$\tianqi\desktop\newest\updated\mytrain (tianqi)\train2014\trainfiles\trainview.cpp(461): warning C4305: 'argument' : truncation from 'double' to 'GLfloat'
     1>\\wfs1\users$\tianqi\desktop\newest\updated\mytrain (tianqi)\train2014\trainfiles\trainview.cpp(486): warning C4305: 'argument' : truncation from 'double' to 'GLfloat'
     1>\\wfs1\users$\tianqi\desktop\newest\updated\mytrain (tianqi)\train2014\trainfiles\trainview.cpp(487): warning C4018: '<' : signed/unsigned mismatch
     1>\\wfs1\users$\tianqi\desktop\newest\updated\mytrain (tianqi)\train2014\trainfiles\trainview.cpp(521): warning C4305: '+=' : truncation from 'double' to 'float'
     1>\\wfs1\users$\tianqi\desktop\newest\updated\mytrain (tianqi)\train2014\trainfiles\trainview.cpp(523): warning C4244: '=' : conversion from 'double' to 'float', possible loss of data
     1>\\wfs1\users$\tianqi\desktop\newest\updated\mytrain (tianqi)\train2014\trainfiles\trainview.cpp(524): warning C4244: '=' : conversion from 'double' to 'float', possible loss of data
     1>\\wfs1\users$\tianqi\desktop\newest\updated\mytrain (tianqi)\train2014\trainfiles\trainview.cpp(525): warning C4244: '=' : conversion from 'double' to 'float', possible loss of data
     1>\\wfs1\users$\tianqi\desktop\newest\updated\mytrain (tianqi)\train2014\trainfiles\trainview.cpp(533): warning C4244: 'initializing' : conversion from 'double' to 'float', possible loss of data
     1>\\wfs1\users$\tianqi\desktop\newest\updated\mytrain (tianqi)\train2014\trainfiles\trainview.cpp(535): warning C4244: '=' : conversion from 'double' to 'float', possible loss of data
     1>\\wfs1\users$\tianqi\desktop\newest\updated\mytrain (tianqi)\train2014\trainfiles\trainview.cpp(536): warning C4244: '=' : conversion from 'double' to 'float', possible loss of data
     1>\\wfs1\users$\tianqi\desktop\newest\updated\mytrain (tianqi)\train2014\trainfiles\trainview.cpp(537): warning C4244: '=' : conversion from 'double' to 'float', possible loss of data
     1>\\wfs1\users$\tianqi\desktop\newest\updated\mytrain (tianqi)\train2014\trainfiles\trainview.cpp(548): warning C4305: '+=' : truncation from 'double' to 'float'
     1>\\wfs1\users$\tianqi\desktop\newest\updated\mytrain (tianqi)\train2014\trainfiles\trainview.cpp(557): warning C4244: '=' : conversion from 'double' to 'float', possible loss of data
     1>\\wfs1\users$\tianqi\desktop\newest\updated\mytrain (tianqi)\train2014\trainfiles\trainview.cpp(560): warning C4244: '=' : conversion from 'double' to 'float', possible loss of data
     1>\\wfs1\users$\tianqi\desktop\newest\updated\mytrain (tianqi)\train2014\trainfiles\trainview.cpp(563): warning C4244: '=' : conversion from 'double' to 'float', possible loss of data
     1>\\wfs1\users$\tianqi\desktop\newest\updated\mytrain (tianqi)\train2014\trainfiles\trainview.cpp(566): warning C4244: '=' : conversion from 'double' to 'float', possible loss of data
     1>\\wfs1\users$\tianqi\desktop\newest\updated\mytrain (tianqi)\train2014\trainfiles\trainview.cpp(568): warning C4244: '=' : conversion from 'double' to 'float', possible loss of data
     1>\\wfs1\users$\tianqi\desktop\newest\updated\mytrain (tianqi)\train2014\trainfiles\trainview.cpp(610): warning C4018: '<' : signed/unsigned mismatch
     1>\\wfs1\users$\tianqi\desktop\newest\updated\mytrain (tianqi)\train2014\trainfiles\trainview.cpp(635): warning C4244: 'initializing' : conversion from 'double' to 'float', possible loss of data
     1>\\wfs1\users$\tianqi\desktop\newest\updated\mytrain (tianqi)\train2014\trainfiles\trainview.cpp(636): warning C4244: 'initializing' : conversion from 'double' to 'float', possible loss of data
     1>\\wfs1\users$\tianqi\desktop\newest\updated\mytrain (tianqi)\train2014\trainfiles\trainview.cpp(637): warning C4244: 'initializing' : conversion from 'double' to 'float', possible loss of data
     1>\\wfs1\users$\tianqi\desktop\newest\updated\mytrain (tianqi)\train2014\trainfiles\trainview.cpp(639): warning C4305: '+=' : truncation from 'double' to 'float'
     1>\\wfs1\users$\tianqi\desktop\newest\updated\mytrain (tianqi)\train2014\trainfiles\trainview.cpp(641): warning C4244: '=' : conversion from 'double' to 'float', possible loss of data
     1>\\wfs1\users$\tianqi\desktop\newest\updated\mytrain (tianqi)\train2014\trainfiles\trainview.cpp(642): warning C4244: '=' : conversion from 'double' to 'float', possible loss of data
     1>\\wfs1\users$\tianqi\desktop\newest\updated\mytrain (tianqi)\train2014\trainfiles\trainview.cpp(643): warning C4244: '=' : conversion from 'double' to 'float', possible loss of data
     1>\\wfs1\users$\tianqi\desktop\newest\updated\mytrain (tianqi)\train2014\trainfiles\trainview.cpp(647): warning C4305: 'argument' : truncation from 'double' to 'GLfloat'
     1>\\wfs1\users$\tianqi\desktop\newest\updated\mytrain (tianqi)\train2014\trainfiles\trainview.cpp(661): warning C4244: '=' : conversion from 'double' to 'float', possible loss of data
     1>\\wfs1\users$\tianqi\desktop\newest\updated\mytrain (tianqi)\train2014\trainfiles\trainview.cpp(664): warning C4244: '=' : conversion from 'double' to 'float', possible loss of data
     1>\\wfs1\users$\tianqi\desktop\newest\updated\mytrain (tianqi)\train2014\trainfiles\trainview.cpp(667): warning C4244: '=' : conversion from 'double' to 'float', possible loss of data
     1>\\wfs1\users$\tianqi\desktop\newest\updated\mytrain (tianqi)\train2014\trainfiles\trainview.cpp(670): warning C4244: '=' : conversion from 'double' to 'float', possible loss of data
     1>\\wfs1\users$\tianqi\desktop\newest\updated\mytrain (tianqi)\train2014\trainfiles\trainview.cpp(672): warning C4244: '=' : conversion from 'double' to 'float', possible loss of data
     1>\\wfs1\users$\tianqi\desktop\newest\updated\mytrain (tianqi)\train2014\trainfiles\trainview.cpp(682): warning C4305: 'argument' : truncation from 'double' to 'GLfloat'
     1>\\wfs1\users$\tianqi\desktop\newest\updated\mytrain (tianqi)\train2014\trainfiles\trainview.cpp(823): warning C4305: '+=' : truncation from 'double' to 'float'
     1>\\wfs1\users$\tianqi\desktop\newest\updated\mytrain (tianqi)\train2014\trainfiles\trainview.cpp(829): warning C4244: 'argument' : conversion from 'double' to 'GLfloat', possible loss of data
     1>\\wfs1\users$\tianqi\desktop\newest\updated\mytrain (tianqi)\train2014\trainfiles\trainview.cpp(856): warning C4305: '+=' : truncation from 'double' to 'float'
     1>\\wfs1\users$\tianqi\desktop\newest\updated\mytrain (tianqi)\train2014\trainfiles\trainview.cpp(862): warning C4244: 'argument' : conversion from 'double' to 'GLfloat', possible loss of data
     1>\\wfs1\users$\tianqi\desktop\newest\updated\mytrain (tianqi)\train2014\trainfiles\trainview.cpp(889): warning C4305: '+=' : truncation from 'double' to 'float'
     1>\\wfs1\users$\tianqi\desktop\newest\updated\mytrain (tianqi)\train2014\trainfiles\trainview.cpp(895): warning C4244: 'argument' : conversion from 'double' to 'GLfloat', possible loss of data
     1>\\wfs1\users$\tianqi\desktop\newest\updated\mytrain (tianqi)\train2014\trainfiles\trainview.cpp(923): warning C4305: '+=' : truncation from 'double' to 'float'
     1>\\wfs1\users$\tianqi\desktop\newest\updated\mytrain (tianqi)\train2014\trainfiles\trainview.cpp(929): warning C4244: 'argument' : conversion from 'double' to 'GLfloat', possible loss of data
     1>\\wfs1\users$\tianqi\desktop\newest\updated\mytrain (tianqi)\train2014\trainfiles\trainview.cpp(954): warning C4305: '+=' : truncation from 'double' to 'float'
     1>\\wfs1\users$\tianqi\desktop\newest\updated\mytrain (tianqi)\train2014\trainfiles\trainview.cpp(960): warning C4244: 'argument' : conversion from 'double' to 'GLfloat', possible loss of data
     1>\\wfs1\users$\tianqi\desktop\newest\updated\mytrain (tianqi)\train2014\trainfiles\trainview.cpp(1120): warning C4305: 'argument' : truncation from 'double' to 'GLfloat'
     1>\\wfs1\users$\tianqi\desktop\newest\updated\mytrain (tianqi)\train2014\trainfiles\trainview.cpp(1157): warning C4305: 'argument' : truncation from 'double' to 'GLfloat'
     1>\\wfs1\users$\tianqi\desktop\newest\updated\mytrain (tianqi)\train2014\trainfiles\trainview.cpp(1214): warning C4305: 'argument' : truncation from 'double' to 'GLfloat'
     1>\\wfs1\users$\tianqi\desktop\newest\updated\mytrain (tianqi)\train2014\trainfiles\trainview.cpp(1217): warning C4305: '+=' : truncation from 'double' to 'float'
     1>\\wfs1\users$\tianqi\desktop\newest\updated\mytrain (tianqi)\train2014\trainfiles\trainview.cpp(1223): warning C4244: 'argument' : conversion from 'double' to 'GLfloat', possible loss of data
     1>\\wfs1\users$\tianqi\desktop\newest\updated\mytrain (tianqi)\train2014\trainfiles\trainview.cpp(1229): warning C4305: 'argument' : truncation from 'double' to 'GLfloat'
     1>\\wfs1\users$\tianqi\desktop\newest\updated\mytrain (tianqi)\train2014\trainfiles\trainview.cpp(1232): warning C4305: '+=' : truncation from 'double' to 'float'
     1>\\wfs1\users$\tianqi\desktop\newest\updated\mytrain (tianqi)\train2014\trainfiles\trainview.cpp(1238): warning C4244: 'argument' : conversion from 'double' to 'GLfloat', possible loss of data
     1>\\wfs1\users$\tianqi\desktop\newest\updated\mytrain (tianqi)\train2014\trainfiles\trainview.cpp(1260): warning C4305: 'argument' : truncation from 'double' to 'GLfloat'
     1>\\wfs1\users$\tianqi\desktop\newest\updated\mytrain (tianqi)\train2014\trainfiles\trainview.cpp(1263): warning C4305: '+=' : truncation from 'double' to 'float'
     1>\\wfs1\users$\tianqi\desktop\newest\updated\mytrain (tianqi)\train2014\trainfiles\trainview.cpp(1269): warning C4244: 'argument' : conversion from 'double' to 'GLfloat', possible loss of data
     1>\\wfs1\users$\tianqi\desktop\newest\updated\mytrain (tianqi)\train2014\trainfiles\trainview.cpp(1275): warning C4305: 'argument' : truncation from 'double' to 'GLfloat'
     1>\\wfs1\users$\tianqi\desktop\newest\updated\mytrain (tianqi)\train2014\trainfiles\trainview.cpp(1278): warning C4305: '+=' : truncation from 'double' to 'float'
     1>\\wfs1\users$\tianqi\desktop\newest\updated\mytrain (tianqi)\train2014\trainfiles\trainview.cpp(1284): warning C4244: 'argument' : conversion from 'double' to 'GLfloat', possible loss of data
     1>\\wfs1\users$\tianqi\desktop\newest\updated\mytrain (tianqi)\train2014\trainfiles\trainview.cpp(1305): warning C4305: 'argument' : truncation from 'double' to 'GLfloat'
     1>\\wfs1\users$\tianqi\desktop\newest\updated\mytrain (tianqi)\train2014\trainfiles\trainview.cpp(1308): warning C4305: '+=' : truncation from 'double' to 'float'
     1>\\wfs1\users$\tianqi\desktop\newest\updated\mytrain (tianqi)\train2014\trainfiles\trainview.cpp(1314): warning C4244: 'argument' : conversion from 'double' to 'GLfloat', possible loss of data
     1>\\wfs1\users$\tianqi\desktop\newest\updated\mytrain (tianqi)\train2014\trainfiles\trainview.cpp(1320): warning C4305: 'argument' : truncation from 'double' to 'GLfloat'
     1>\\wfs1\users$\tianqi\desktop\newest\updated\mytrain (tianqi)\train2014\trainfiles\trainview.cpp(1323): warning C4305: '+=' : truncation from 'double' to 'float'
     1>\\wfs1\users$\tianqi\desktop\newest\updated\mytrain (tianqi)\train2014\trainfiles\trainview.cpp(1329): warning C4244: 'argument' : conversion from 'double' to 'GLfloat', possible loss of data
     1>\\wfs1\users$\tianqi\desktop\newest\updated\mytrain (tianqi)\train2014\trainfiles\trainview.cpp(1336): warning C4305: 'argument' : truncation from 'double' to 'GLfloat'
     1>\\wfs1\users$\tianqi\desktop\newest\updated\mytrain (tianqi)\train2014\trainfiles\trainview.cpp(1350): warning C4305: 'argument' : truncation from 'double' to 'GLfloat'
     1>\\wfs1\users$\tianqi\desktop\newest\updated\mytrain (tianqi)\train2014\trainfiles\trainview.cpp(1353): warning C4305: '+=' : truncation from 'double' to 'float'
     1>\\wfs1\users$\tianqi\desktop\newest\updated\mytrain (tianqi)\train2014\trainfiles\trainview.cpp(1359): warning C4244: 'argument' : conversion from 'double' to 'GLfloat', possible loss of data
     1>\\wfs1\users$\tianqi\desktop\newest\updated\mytrain (tianqi)\train2014\trainfiles\trainview.cpp(1365): warning C4305: 'argument' : truncation from 'double' to 'GLfloat'
     1>\\wfs1\users$\tianqi\desktop\newest\updated\mytrain (tianqi)\train2014\trainfiles\trainview.cpp(1368): warning C4305: '+=' : truncation from 'double' to 'float'
     1>\\wfs1\users$\tianqi\desktop\newest\updated\mytrain (tianqi)\train2014\trainfiles\trainview.cpp(1374): warning C4244: 'argument' : conversion from 'double' to 'GLfloat', possible loss of data
     1>\\wfs1\users$\tianqi\desktop\newest\updated\mytrain (tianqi)\train2014\trainfiles\trainview.cpp(1381): warning C4305: 'argument' : truncation from 'double' to 'GLfloat'
     1>\\wfs1\users$\tianqi\desktop\newest\updated\mytrain (tianqi)\train2014\trainfiles\trainview.cpp(1395): warning C4305: 'argument' : truncation from 'double' to 'GLfloat'
     1>\\wfs1\users$\tianqi\desktop\newest\updated\mytrain (tianqi)\train2014\trainfiles\trainview.cpp(1398): warning C4305: '+=' : truncation from 'double' to 'float'
     1>\\wfs1\users$\tianqi\desktop\newest\updated\mytrain (tianqi)\train2014\trainfiles\trainview.cpp(1404): warning C4244: 'argument' : conversion from 'double' to 'GLfloat', possible loss of data
     1>\\wfs1\users$\tianqi\desktop\newest\updated\mytrain (tianqi)\train2014\trainfiles\trainview.cpp(1410): warning C4305: 'argument' : truncation from 'double' to 'GLfloat'
     1>\\wfs1\users$\tianqi\desktop\newest\updated\mytrain (tianqi)\train2014\trainfiles\trainview.cpp(1413): warning C4305: '+=' : truncation from 'double' to 'float'
     1>\\wfs1\users$\tianqi\desktop\newest\updated\mytrain (tianqi)\train2014\trainfiles\trainview.cpp(1419): warning C4244: 'argument' : conversion from 'double' to 'GLfloat', possible loss of data
     1>\\wfs1\users$\tianqi\desktop\newest\updated\mytrain (tianqi)\train2014\trainfiles\trainview.cpp(1429): warning C4305: 'argument' : truncation from 'double' to 'GLfloat'
     1>\\wfs1\users$\tianqi\desktop\newest\updated\mytrain (tianqi)\train2014\trainfiles\trainview.cpp(1443): warning C4305: 'argument' : truncation from 'double' to 'GLfloat'
     1>\\wfs1\users$\tianqi\desktop\newest\updated\mytrain (tianqi)\train2014\trainfiles\trainview.cpp(1446): warning C4305: '+=' : truncation from 'double' to 'float'
     1>\\wfs1\users$\tianqi\desktop\newest\updated\mytrain (tianqi)\train2014\trainfiles\trainview.cpp(1452): warning C4244: 'argument' : conversion from 'double' to 'GLfloat', possible loss of data
     1>\\wfs1\users$\tianqi\desktop\newest\updated\mytrain (tianqi)\train2014\trainfiles\trainview.cpp(1461): warning C4305: '+=' : truncation from 'double' to 'float'
     1>\\wfs1\users$\tianqi\desktop\newest\updated\mytrain (tianqi)\train2014\trainfiles\trainview.cpp(1467): warning C4244: 'argument' : conversion from 'double' to 'GLfloat', possible loss of data
     1>\\wfs1\users$\tianqi\desktop\newest\updated\mytrain (tianqi)\train2014\trainfiles\trainview.cpp(1475): warning C4305: 'argument' : truncation from 'double' to 'GLfloat'
     1>\\wfs1\users$\tianqi\desktop\newest\updated\mytrain (tianqi)\train2014\trainfiles\trainview.cpp(1489): warning C4305: 'argument' : truncation from 'double' to 'GLfloat'
     1>\\wfs1\users$\tianqi\desktop\newest\updated\mytrain (tianqi)\train2014\trainfiles\trainview.cpp(1492): warning C4305: '+=' : truncation from 'double' to 'float'
     1>\\wfs1\users$\tianqi\desktop\newest\updated\mytrain (tianqi)\train2014\trainfiles\trainview.cpp(1498): warning C4244: 'argument' : conversion from 'double' to 'GLfloat', possible loss of data
     1>\\wfs1\users$\tianqi\desktop\newest\updated\mytrain (tianqi)\train2014\trainfiles\trainview.cpp(1507): warning C4305: '+=' : truncation from 'double' to 'float'
     1>\\wfs1\users$\tianqi\desktop\newest\updated\mytrain (tianqi)\train2014\trainfiles\trainview.cpp(1513): warning C4244: 'argument' : conversion from 'double' to 'GLfloat', possible loss of data
     1>\\wfs1\users$\tianqi\desktop\newest\updated\mytrain (tianqi)\train2014\trainfiles\trainview.cpp(1520): warning C4305: 'argument' : truncation from 'double' to 'GLfloat'
     1>\\wfs1\users$\tianqi\desktop\newest\updated\mytrain (tianqi)\train2014\trainfiles\trainview.cpp(1534): warning C4305: 'argument' : truncation from 'double' to 'GLfloat'
     1>\\wfs1\users$\tianqi\desktop\newest\updated\mytrain (tianqi)\train2014\trainfiles\trainview.cpp(1537): warning C4305: '+=' : truncation from 'double' to 'float'
     1>\\wfs1\users$\tianqi\desktop\newest\updated\mytrain (tianqi)\train2014\trainfiles\trainview.cpp(1543): warning C4244: 'argument' : conversion from 'double' to 'GLfloat', possible loss of data
     1>\\wfs1\users$\tianqi\desktop\newest\updated\mytrain (tianqi)\train2014\trainfiles\trainview.cpp(1552): warning C4305: '+=' : truncation from 'double' to 'float'
     1>\\wfs1\users$\tianqi\desktop\newest\updated\mytrain (tianqi)\train2014\trainfiles\trainview.cpp(1558): warning C4244: 'argument' : conversion from 'double' to 'GLfloat', possible loss of data
     1>\\wfs1\users$\tianqi\desktop\newest\updated\mytrain (tianqi)\train2014\trainfiles\trainview.cpp(1565): warning C4305: 'argument' : truncation from 'double' to 'GLfloat'
     1>\\wfs1\users$\tianqi\desktop\newest\updated\mytrain (tianqi)\train2014\trainfiles\trainview.cpp(1579): warning C4305: 'argument' : truncation from 'double' to 'GLfloat'
     1>\\wfs1\users$\tianqi\desktop\newest\updated\mytrain (tianqi)\train2014\trainfiles\trainview.cpp(1582): warning C4305: '+=' : truncation from 'double' to 'float'
     1>\\wfs1\users$\tianqi\desktop\newest\updated\mytrain (tianqi)\train2014\trainfiles\trainview.cpp(1588): warning C4244: 'argument' : conversion from 'double' to 'GLfloat', possible loss of data
     1>\\wfs1\users$\tianqi\desktop\newest\updated\mytrain (tianqi)\train2014\trainfiles\trainview.cpp(1594): warning C4305: 'argument' : truncation from 'double' to 'GLfloat'
     1>\\wfs1\users$\tianqi\desktop\newest\updated\mytrain (tianqi)\train2014\trainfiles\trainview.cpp(1597): warning C4305: '+=' : truncation from 'double' to 'float'
     1>\\wfs1\users$\tianqi\desktop\newest\updated\mytrain (tianqi)\train2014\trainfiles\trainview.cpp(1603): warning C4244: 'argument' : conversion from 'double' to 'GLfloat', possible loss of data
     1>\\wfs1\users$\tianqi\desktop\newest\updated\mytrain (tianqi)\train2014\trainfiles\trainview.cpp(1610): warning C4305: 'argument' : truncation from 'double' to 'GLfloat'
     1>\\wfs1\users$\tianqi\desktop\newest\updated\mytrain (tianqi)\train2014\trainfiles\trainview.cpp(1624): warning C4305: 'argument' : truncation from 'double' to 'GLfloat'
     1>\\wfs1\users$\tianqi\desktop\newest\updated\mytrain (tianqi)\train2014\trainfiles\trainview.cpp(1627): warning C4305: '+=' : truncation from 'double' to 'float'
     1>\\wfs1\users$\tianqi\desktop\newest\updated\mytrain (tianqi)\train2014\trainfiles\trainview.cpp(1633): warning C4244: 'argument' : conversion from 'double' to 'GLfloat', possible loss of data
     1>\\wfs1\users$\tianqi\desktop\newest\updated\mytrain (tianqi)\train2014\trainfiles\trainview.cpp(1639): warning C4305: 'argument' : truncation from 'double' to 'GLfloat'
     1>\\wfs1\users$\tianqi\desktop\newest\updated\mytrain (tianqi)\train2014\trainfiles\trainview.cpp(1642): warning C4305: '+=' : truncation from 'double' to 'float'
     1>\\wfs1\users$\tianqi\desktop\newest\updated\mytrain (tianqi)\train2014\trainfiles\trainview.cpp(1648): warning C4244: 'argument' : conversion from 'double' to 'GLfloat', possible loss of data
         Train.cpp
     1>\\wfs1\users$\tianqi\desktop\newest\updated\mytrain (tianqi)\train2014\trainfiles\world.h(47): warning C4305: 'initializing' : truncation from 'double' to 'float'
     1>\\wfs1\users$\tianqi\desktop\newest\updated\mytrain (tianqi)\train2014\trainfiles\world.h(50): warning C4305: 'initializing' : truncation from 'double' to 'float'
         ControlPoint.cpp
         CallBacks.cpp
     1>\\wfs1\users$\tianqi\desktop\newest\updated\mytrain (tianqi)\train2014\trainfiles\world.h(47): warning C4305: 'initializing' : truncation from 'double' to 'float'
     1>\\wfs1\users$\tianqi\desktop\newest\updated\mytrain (tianqi)\train2014\trainfiles\world.h(50): warning C4305: 'initializing' : truncation from 'double' to 'float'
     1>\\wfs1\users$\tianqi\desktop\newest\updated\mytrain (tianqi)\train2014\trainfiles\callbacks.cpp(47): warning C4305: '=' : truncation from 'double' to 'float'
     1>\\wfs1\users$\tianqi\desktop\newest\updated\mytrain (tianqi)\train2014\trainfiles\callbacks.cpp(48): warning C4305: '=' : truncation from 'double' to 'float'
     1>\\wfs1\users$\tianqi\desktop\newest\updated\mytrain (tianqi)\train2014\trainfiles\callbacks.cpp(50): warning C4305: '=' : truncation from 'double' to 'float'
     1>\\wfs1\users$\tianqi\desktop\newest\updated\mytrain (tianqi)\train2014\trainfiles\callbacks.cpp(56): warning C4305: '=' : truncation from 'double' to 'float'
     1>\\wfs1\users$\tianqi\desktop\newest\updated\mytrain (tianqi)\train2014\trainfiles\callbacks.cpp(57): warning C4305: '=' : truncation from 'double' to 'float'
     1>\\wfs1\users$\tianqi\desktop\newest\updated\mytrain (tianqi)\train2014\trainfiles\callbacks.cpp(59): warning C4305: '=' : truncation from 'double' to 'float'
     1>\\wfs1\users$\tianqi\desktop\newest\updated\mytrain (tianqi)\train2014\trainfiles\callbacks.cpp(65): warning C4305: '=' : truncation from 'double' to 'float'
     1>\\wfs1\users$\tianqi\desktop\newest\updated\mytrain (tianqi)\train2014\trainfiles\callbacks.cpp(66): warning C4305: '=' : truncation from 'double' to 'float'
     1>\\wfs1\users$\tianqi\desktop\newest\updated\mytrain (tianqi)\train2014\trainfiles\callbacks.cpp(68): warning C4305: '=' : truncation from 'double' to 'float'
         Generating Code...
       Link:
         C:\Program Files (x86)\Microsoft Visual Studio 12.0\VC\bin\link.exe /ERRORREPORT:PROMPT /OUT:"\\wfs1\users$\tianqi\Desktop\newest\updated\MyTrain (Tianqi)\Train2014\TrainFiles\Debug\Train.exe" /INCREMENTAL /NOLOGO /LIBPATH:"C:\Program Files (x86)\FLTK 1.3.2\lib" comctl32.lib wsock32.lib opengl32.lib glu32.lib fltkgl.lib fltk.lib kernel32.lib user32.lib gdi32.lib winspool.lib comdlg32.lib advapi32.lib shell32.lib ole32.lib oleaut32.lib uuid.lib odbc32.lib odbccp32.lib /MANIFEST /MANIFESTUAC:"level='asInvoker' uiAccess='false'" /manifest:embed /DEBUG /PDB:"\\wfs1\users$\tianqi\Desktop\newest\updated\MyTrain (Tianqi)\Train2014\TrainFiles\Debug\Train.pdb" /SUBSYSTEM:CONSOLE /TLBID:1 /DYNAMICBASE:NO /IMPLIB:"\\wfs1\users$\tianqi\Desktop\newest\updated\MyTrain (Tianqi)\Train2014\TrainFiles\Debug\Train.lib" /MACHINE:X86 /SAFESEH Debug\CallBacks.obj
         Debug\ControlPoint.obj
         Debug\Train.obj
         Debug\TrainView.obj
         Debug\TrainWindow.obj
         Debug\World.obj
         Debug\3DUtils.obj
         Debug\ArcBallCam.obj
         Debug\Pnt3f.obj
     1>CallBacks.obj : warning LNK4075: ignoring '/EDITANDCONTINUE' due to '/SAFESEH' specification
     1>LINK : warning LNK4098: defaultlib 'MSVCRT' conflicts with use of other libs; use /NODEFAULTLIB:library
     1>fltkgl.lib(Fl_Gl_Choice.obj) : warning LNK4204: '\\wfs1\users$\tianqi\Desktop\newest\updated\MyTrain (Tianqi)\Train2014\TrainFiles\Debug\vc120.pdb' is missing debugging information for referencing module; linking object as if no debug info
     1>fltkgl.lib(Fl_Gl_Device_Plugin.obj) : warning LNK4204: '\\wfs1\users$\tianqi\Desktop\newest\updated\MyTrain (Tianqi)\Train2014\TrainFiles\Debug\vc120.pdb' is missing debugging information for referencing module; linking object as if no debug info
     1>fltkgl.lib(Fl_Gl_Window.obj) : warning LNK4204: '\\wfs1\users$\tianqi\Desktop\newest\updated\MyTrain (Tianqi)\Train2014\TrainFiles\Debug\vc120.pdb' is missing debugging information for referencing module; linking object as if no debug info
     1>fltkgl.lib(gl_draw.obj) : warning LNK4204: '\\wfs1\users$\tianqi\Desktop\newest\updated\MyTrain (Tianqi)\Train2014\TrainFiles\Debug\vc120.pdb' is missing debugging information for referencing module; linking object as if no debug info
     1>fltk.lib(case.obj) : warning LNK4204: '\\wfs1\users$\tianqi\Desktop\newest\updated\MyTrain (Tianqi)\Train2014\TrainFiles\Debug\vc120.pdb' is missing debugging information for referencing module; linking object as if no debug info
     1>fltk.lib(filename_absolute.obj) : warning LNK4204: '\\wfs1\users$\tianqi\Desktop\newest\updated\MyTrain (Tianqi)\Train2014\TrainFiles\Debug\vc120.pdb' is missing debugging information for referencing module; linking object as if no debug info
     1>fltk.lib(filename_expand.obj) : warning LNK4204: '\\wfs1\users$\tianqi\Desktop\newest\updated\MyTrain (Tianqi)\Train2014\TrainFiles\Debug\vc120.pdb' is missing debugging information for referencing module; linking object as if no debug info
     1>fltk.lib(filename_isdir.obj) : warning LNK4204: '\\wfs1\users$\tianqi\Desktop\newest\updated\MyTrain (Tianqi)\Train2014\TrainFiles\Debug\vc120.pdb' is missing debugging information for referencing module; linking object as if no debug info
     1>fltk.lib(filename_list.obj) : warning LNK4204: '\\wfs1\users$\tianqi\Desktop\newest\updated\MyTrain (Tianqi)\Train2014\TrainFiles\Debug\vc120.pdb' is missing debugging information for referencing module; linking object as if no debug info
     1>fltk.lib(filename_match.obj) : warning LNK4204: '\\wfs1\users$\tianqi\Desktop\newest\updated\MyTrain (Tianqi)\Train2014\TrainFiles\Debug\vc120.pdb' is missing debugging information for referencing module; linking object as if no debug info
     1>fltk.lib(Fl.obj) : warning LNK4204: '\\wfs1\users$\tianqi\Desktop\newest\updated\MyTrain (Tianqi)\Train2014\TrainFiles\Debug\vc120.pdb' is missing debugging information for referencing module; linking object as if no debug info
     1>fltk.lib(Fl_abort.obj) : warning LNK4204: '\\wfs1\users$\tianqi\Desktop\newest\updated\MyTrain (Tianqi)\Train2014\TrainFiles\Debug\vc120.pdb' is missing debugging information for referencing module; linking object as if no debug info
     1>fltk.lib(Fl_add_idle.obj) : warning LNK4204: '\\wfs1\users$\tianqi\Desktop\newest\updated\MyTrain (Tianqi)\Train2014\TrainFiles\Debug\vc120.pdb' is missing debugging information for referencing module; linking object as if no debug info
     1>fltk.lib(fl_arc.obj) : warning LNK4204: '\\wfs1\users$\tianqi\Desktop\newest\updated\MyTrain (Tianqi)\Train2014\TrainFiles\Debug\vc120.pdb' is missing debugging information for referencing module; linking object as if no debug info
     1>fltk.lib(fl_arci.obj) : warning LNK4204: '\\wfs1\users$\tianqi\Desktop\newest\updated\MyTrain (Tianqi)\Train2014\TrainFiles\Debug\vc120.pdb' is missing debugging information for referencing module; linking object as if no debug info
     1>fltk.lib(fl_ask.obj) : warning LNK4204: '\\wfs1\users$\tianqi\Desktop\newest\updated\MyTrain (Tianqi)\Train2014\TrainFiles\Debug\vc120.pdb' is missing debugging information for referencing module; linking object as if no debug info
     1>fltk.lib(Fl_Bitmap.obj) : warning LNK4204: '\\wfs1\users$\tianqi\Desktop\newest\updated\MyTrain (Tianqi)\Train2014\TrainFiles\Debug\vc120.pdb' is missing debugging information for referencing module; linking object as if no debug info
     1>fltk.lib(Fl_Box.obj) : warning LNK4204: '\\wfs1\users$\tianqi\Desktop\newest\updated\MyTrain (Tianqi)\Train2014\TrainFiles\Debug\vc120.pdb' is missing debugging information for referencing module; linking object as if no debug info
     1>fltk.lib(fl_boxtype.obj) : warning LNK4204: '\\wfs1\users$\tianqi\Desktop\newest\updated\MyTrain (Tianqi)\Train2014\TrainFiles\Debug\vc120.pdb' is missing debugging information for referencing module; linking object as if no debug info
     1>fltk.lib(Fl_Browser.obj) : warning LNK4204: '\\wfs1\users$\tianqi\Desktop\newest\updated\MyTrain (Tianqi)\Train2014\TrainFiles\Debug\vc120.pdb' is missing debugging information for referencing module; linking object as if no debug info
     1>fltk.lib(Fl_Browser_.obj) : warning LNK4204: '\\wfs1\users$\tianqi\Desktop\newest\updated\MyTrain (Tianqi)\Train2014\TrainFiles\Debug\vc120.pdb' is missing debugging information for referencing module; linking object as if no debug info
     1>fltk.lib(Fl_Button.obj) : warning LNK4204: '\\wfs1\users$\tianqi\Desktop\newest\updated\MyTrain (Tianqi)\Train2014\TrainFiles\Debug\vc120.pdb' is missing debugging information for referencing module; linking object as if no debug info
     1>fltk.lib(Fl_Check_Button.obj) : warning LNK4204: '\\wfs1\users$\tianqi\Desktop\newest\updated\MyTrain (Tianqi)\Train2014\TrainFiles\Debug\vc120.pdb' is missing debugging information for referencing module; linking object as if no debug info
     1>fltk.lib(Fl_Choice.obj) : warning LNK4204: '\\wfs1\users$\tianqi\Desktop\newest\updated\MyTrain (Tianqi)\Train2014\TrainFiles\Debug\vc120.pdb' is missing debugging information for referencing module; linking object as if no debug info
     1>fltk.lib(fl_color.obj) : warning LNK4204: '\\wfs1\users$\tianqi\Desktop\newest\updated\MyTrain (Tianqi)\Train2014\TrainFiles\Debug\vc120.pdb' is missing debugging information for referencing module; linking object as if no debug info
     1>fltk.lib(Fl_compose.obj) : warning LNK4204: '\\wfs1\users$\tianqi\Desktop\newest\updated\MyTrain (Tianqi)\Train2014\TrainFiles\Debug\vc120.pdb' is missing debugging information for referencing module; linking object as if no debug info
     1>fltk.lib(fl_cursor.obj) : warning LNK4204: '\\wfs1\users$\tianqi\Desktop\newest\updated\MyTrain (Tianqi)\Train2014\TrainFiles\Debug\vc120.pdb' is missing debugging information for referencing module; linking object as if no debug info
     1>fltk.lib(fl_curve.obj) : warning LNK4204: '\\wfs1\users$\tianqi\Desktop\newest\updated\MyTrain (Tianqi)\Train2014\TrainFiles\Debug\vc120.pdb' is missing debugging information for referencing module; linking object as if no debug info
     1>fltk.lib(Fl_Device.obj) : warning LNK4204: '\\wfs1\users$\tianqi\Desktop\newest\updated\MyTrain (Tianqi)\Train2014\TrainFiles\Debug\vc120.pdb' is missing debugging information for referencing module; linking object as if no debug info
     1>fltk.lib(fl_dnd.obj) : warning LNK4204: '\\wfs1\users$\tianqi\Desktop\newest\updated\MyTrain (Tianqi)\Train2014\TrainFiles\Debug\vc120.pdb' is missing debugging information for referencing module; linking object as if no debug info
     1>fltk.lib(Fl_Double_Window.obj) : warning LNK4204: '\\wfs1\users$\tianqi\Desktop\newest\updated\MyTrain (Tianqi)\Train2014\TrainFiles\Debug\vc120.pdb' is missing debugging information for referencing module; linking object as if no debug info
     1>fltk.lib(fl_draw.obj) : warning LNK4204: '\\wfs1\users$\tianqi\Desktop\newest\updated\MyTrain (Tianqi)\Train2014\TrainFiles\Debug\vc120.pdb' is missing debugging information for referencing module; linking object as if no debug info
     1>fltk.lib(fl_draw_image.obj) : warning LNK4204: '\\wfs1\users$\tianqi\Desktop\newest\updated\MyTrain (Tianqi)\Train2014\TrainFiles\Debug\vc120.pdb' is missing debugging information for referencing module; linking object as if no debug info
     1>fltk.lib(fl_draw_pixmap.obj) : warning LNK4204: '\\wfs1\users$\tianqi\Desktop\newest\updated\MyTrain (Tianqi)\Train2014\TrainFiles\Debug\vc120.pdb' is missing debugging information for referencing module; linking object as if no debug info
     1>fltk.lib(Fl_File_Browser.obj) : warning LNK4204: '\\wfs1\users$\tianqi\Desktop\newest\updated\MyTrain (Tianqi)\Train2014\TrainFiles\Debug\vc120.pdb' is missing debugging information for referencing module; linking object as if no debug info
     1>fltk.lib(Fl_File_Chooser.obj) : warning LNK4204: '\\wfs1\users$\tianqi\Desktop\newest\updated\MyTrain (Tianqi)\Train2014\TrainFiles\Debug\vc120.pdb' is missing debugging information for referencing module; linking object as if no debug info
     1>fltk.lib(Fl_File_Chooser2.obj) : warning LNK4204: '\\wfs1\users$\tianqi\Desktop\newest\updated\MyTrain (Tianqi)\Train2014\TrainFiles\Debug\vc120.pdb' is missing debugging information for referencing module; linking object as if no debug info
     1>fltk.lib(fl_file_dir.obj) : warning LNK4204: '\\wfs1\users$\tianqi\Desktop\newest\updated\MyTrain (Tianqi)\Train2014\TrainFiles\Debug\vc120.pdb' is missing debugging information for referencing module; linking object as if no debug info
     1>fltk.lib(Fl_File_Icon.obj) : warning LNK4204: '\\wfs1\users$\tianqi\Desktop\newest\updated\MyTrain (Tianqi)\Train2014\TrainFiles\Debug\vc120.pdb' is missing debugging information for referencing module; linking object as if no debug info
     1>fltk.lib(Fl_File_Input.obj) : warning LNK4204: '\\wfs1\users$\tianqi\Desktop\newest\updated\MyTrain (Tianqi)\Train2014\TrainFiles\Debug\vc120.pdb' is missing debugging information for referencing module; linking object as if no debug info
     1>fltk.lib(fl_font.obj) : warning LNK4204: '\\wfs1\users$\tianqi\Desktop\newest\updated\MyTrain (Tianqi)\Train2014\TrainFiles\Debug\vc120.pdb' is missing debugging information for referencing module; linking object as if no debug info
     1>fltk.lib(Fl_get_system_colors.obj) : warning LNK4204: '\\wfs1\users$\tianqi\Desktop\newest\updated\MyTrain (Tianqi)\Train2014\TrainFiles\Debug\vc120.pdb' is missing debugging information for referencing module; linking object as if no debug info
     1>fltk.lib(Fl_grab.obj) : warning LNK4204: '\\wfs1\users$\tianqi\Desktop\newest\updated\MyTrain (Tianqi)\Train2014\TrainFiles\Debug\vc120.pdb' is missing debugging information for referencing module; linking object as if no debug info
     1>fltk.lib(Fl_Group.obj) : warning LNK4204: '\\wfs1\users$\tianqi\Desktop\newest\updated\MyTrain (Tianqi)\Train2014\TrainFiles\Debug\vc120.pdb' is missing debugging information for referencing module; linking object as if no debug info
     1>fltk.lib(fl_gtk.obj) : warning LNK4204: '\\wfs1\users$\tianqi\Desktop\newest\updated\MyTrain (Tianqi)\Train2014\TrainFiles\Debug\vc120.pdb' is missing debugging information for referencing module; linking object as if no debug info
     1>fltk.lib(Fl_Image.obj) : warning LNK4204: '\\wfs1\users$\tianqi\Desktop\newest\updated\MyTrain (Tianqi)\Train2014\TrainFiles\Debug\vc120.pdb' is missing debugging information for referencing module; linking object as if no debug info
     1>fltk.lib(Fl_Input.obj) : warning LNK4204: '\\wfs1\users$\tianqi\Desktop\newest\updated\MyTrain (Tianqi)\Train2014\TrainFiles\Debug\vc120.pdb' is missing debugging information for referencing module; linking object as if no debug info
     1>fltk.lib(Fl_Input_.obj) : warning LNK4204: '\\wfs1\users$\tianqi\Desktop\newest\updated\MyTrain (Tianqi)\Train2014\TrainFiles\Debug\vc120.pdb' is missing debugging information for referencing module; linking object as if no debug info
     1>fltk.lib(fl_labeltype.obj) : warning LNK4204: '\\wfs1\users$\tianqi\Desktop\newest\updated\MyTrain (Tianqi)\Train2014\TrainFiles\Debug\vc120.pdb' is missing debugging information for referencing module; linking object as if no debug info
     1>fltk.lib(Fl_Light_Button.obj) : warning LNK4204: '\\wfs1\users$\tianqi\Desktop\newest\updated\MyTrain (Tianqi)\Train2014\TrainFiles\Debug\vc120.pdb' is missing debugging information for referencing module; linking object as if no debug info
     1>fltk.lib(fl_line_style.obj) : warning LNK4204: '\\wfs1\users$\tianqi\Desktop\newest\updated\MyTrain (Tianqi)\Train2014\TrainFiles\Debug\vc120.pdb' is missing debugging information for referencing module; linking object as if no debug info
     1>fltk.lib(Fl_lock.obj) : warning LNK4204: '\\wfs1\users$\tianqi\Desktop\newest\updated\MyTrain (Tianqi)\Train2014\TrainFiles\Debug\vc120.pdb' is missing debugging information for referencing module; linking object as if no debug info
     1>fltk.lib(Fl_Menu.obj) : warning LNK4204: '\\wfs1\users$\tianqi\Desktop\newest\updated\MyTrain (Tianqi)\Train2014\TrainFiles\Debug\vc120.pdb' is missing debugging information for referencing module; linking object as if no debug info
     1>fltk.lib(Fl_Menu_.obj) : warning LNK4204: '\\wfs1\users$\tianqi\Desktop\newest\updated\MyTrain (Tianqi)\Train2014\TrainFiles\Debug\vc120.pdb' is missing debugging information for referencing module; linking object as if no debug info
     1>fltk.lib(Fl_Menu_add.obj) : warning LNK4204: '\\wfs1\users$\tianqi\Desktop\newest\updated\MyTrain (Tianqi)\Train2014\TrainFiles\Debug\vc120.pdb' is missing debugging information for referencing module; linking object as if no debug info
     1>fltk.lib(Fl_Menu_Button.obj) : warning LNK4204: '\\wfs1\users$\tianqi\Desktop\newest\updated\MyTrain (Tianqi)\Train2014\TrainFiles\Debug\vc120.pdb' is missing debugging information for referencing module; linking object as if no debug info
     1>fltk.lib(Fl_Menu_Window.obj) : warning LNK4204: '\\wfs1\users$\tianqi\Desktop\newest\updated\MyTrain (Tianqi)\Train2014\TrainFiles\Debug\vc120.pdb' is missing debugging information for referencing module; linking object as if no debug info
     1>fltk.lib(Fl_Overlay_Window.obj) : warning LNK4204: '\\wfs1\users$\tianqi\Desktop\newest\updated\MyTrain (Tianqi)\Train2014\TrainFiles\Debug\vc120.pdb' is missing debugging information for referencing module; linking object as if no debug info
     1>fltk.lib(Fl_Pixmap.obj) : warning LNK4204: '\\wfs1\users$\tianqi\Desktop\newest\updated\MyTrain (Tianqi)\Train2014\TrainFiles\Debug\vc120.pdb' is missing debugging information for referencing module; linking object as if no debug info
     1>fltk.lib(fl_plastic.obj) : warning LNK4204: '\\wfs1\users$\tianqi\Desktop\newest\updated\MyTrain (Tianqi)\Train2014\TrainFiles\Debug\vc120.pdb' is missing debugging information for referencing module; linking object as if no debug info
     1>fltk.lib(Fl_Preferences.obj) : warning LNK4204: '\\wfs1\users$\tianqi\Desktop\newest\updated\MyTrain (Tianqi)\Train2014\TrainFiles\Debug\vc120.pdb' is missing debugging information for referencing module; linking object as if no debug info
     1>fltk.lib(fl_read_image.obj) : warning LNK4204: '\\wfs1\users$\tianqi\Desktop\newest\updated\MyTrain (Tianqi)\Train2014\TrainFiles\Debug\vc120.pdb' is missing debugging information for referencing module; linking object as if no debug info
     1>fltk.lib(fl_rect.obj) : warning LNK4204: '\\wfs1\users$\tianqi\Desktop\newest\updated\MyTrain (Tianqi)\Train2014\TrainFiles\Debug\vc120.pdb' is missing debugging information for referencing module; linking object as if no debug info
     1>fltk.lib(Fl_Repeat_Button.obj) : warning LNK4204: '\\wfs1\users$\tianqi\Desktop\newest\updated\MyTrain (Tianqi)\Train2014\TrainFiles\Debug\vc120.pdb' is missing debugging information for referencing module; linking object as if no debug info
     1>fltk.lib(Fl_Return_Button.obj) : warning LNK4204: '\\wfs1\users$\tianqi\Desktop\newest\updated\MyTrain (Tianqi)\Train2014\TrainFiles\Debug\vc120.pdb' is missing debugging information for referencing module; linking object as if no debug info
     1>fltk.lib(fl_round_box.obj) : warning LNK4204: '\\wfs1\users$\tianqi\Desktop\newest\updated\MyTrain (Tianqi)\Train2014\TrainFiles\Debug\vc120.pdb' is missing debugging information for referencing module; linking object as if no debug info
     1>fltk.lib(Fl_Scrollbar.obj) : warning LNK4204: '\\wfs1\users$\tianqi\Desktop\newest\updated\MyTrain (Tianqi)\Train2014\TrainFiles\Debug\vc120.pdb' is missing debugging information for referencing module; linking object as if no debug info
     1>fltk.lib(Fl_Shared_Image.obj) : warning LNK4204: '\\wfs1\users$\tianqi\Desktop\newest\updated\MyTrain (Tianqi)\Train2014\TrainFiles\Debug\vc120.pdb' is missing debugging information for referencing module; linking object as if no debug info
     1>fltk.lib(fl_shortcut.obj) : warning LNK4204: '\\wfs1\users$\tianqi\Desktop\newest\updated\MyTrain (Tianqi)\Train2014\TrainFiles\Debug\vc120.pdb' is missing debugging information for referencing module; linking object as if no debug info
     1>fltk.lib(Fl_Single_Window.obj) : warning LNK4204: '\\wfs1\users$\tianqi\Desktop\newest\updated\MyTrain (Tianqi)\Train2014\TrainFiles\Debug\vc120.pdb' is missing debugging information for referencing module; linking object as if no debug info
     1>fltk.lib(Fl_Slider.obj) : warning LNK4204: '\\wfs1\users$\tianqi\Desktop\newest\updated\MyTrain (Tianqi)\Train2014\TrainFiles\Debug\vc120.pdb' is missing debugging information for referencing module; linking object as if no debug info
     1>fltk.lib(fl_symbols.obj) : warning LNK4204: '\\wfs1\users$\tianqi\Desktop\newest\updated\MyTrain (Tianqi)\Train2014\TrainFiles\Debug\vc120.pdb' is missing debugging information for referencing module; linking object as if no debug info
     1>fltk.lib(Fl_Tile.obj) : warning LNK4204: '\\wfs1\users$\tianqi\Desktop\newest\updated\MyTrain (Tianqi)\Train2014\TrainFiles\Debug\vc120.pdb' is missing debugging information for referencing module; linking object as if no debug info
     1>fltk.lib(Fl_Tiled_Image.obj) : warning LNK4204: '\\wfs1\users$\tianqi\Desktop\newest\updated\MyTrain (Tianqi)\Train2014\TrainFiles\Debug\vc120.pdb' is missing debugging information for referencing module; linking object as if no debug info
     1>fltk.lib(Fl_Tooltip.obj) : warning LNK4204: '\\wfs1\users$\tianqi\Desktop\newest\updated\MyTrain (Tianqi)\Train2014\TrainFiles\Debug\vc120.pdb' is missing debugging information for referencing module; linking object as if no debug info
     1>fltk.lib(fl_utf.obj) : warning LNK4204: '\\wfs1\users$\tianqi\Desktop\newest\updated\MyTrain (Tianqi)\Train2014\TrainFiles\Debug\vc120.pdb' is missing debugging information for referencing module; linking object as if no debug info
     1>fltk.lib(fl_utf8.obj) : warning LNK4204: '\\wfs1\users$\tianqi\Desktop\newest\updated\MyTrain (Tianqi)\Train2014\TrainFiles\Debug\vc120.pdb' is missing debugging information for referencing module; linking object as if no debug info
     1>fltk.lib(Fl_Valuator.obj) : warning LNK4204: '\\wfs1\users$\tianqi\Desktop\newest\updated\MyTrain (Tianqi)\Train2014\TrainFiles\Debug\vc120.pdb' is missing debugging information for referencing module; linking object as if no debug info
     1>fltk.lib(Fl_Value_Slider.obj) : warning LNK4204: '\\wfs1\users$\tianqi\Desktop\newest\updated\MyTrain (Tianqi)\Train2014\TrainFiles\Debug\vc120.pdb' is missing debugging information for referencing module; linking object as if no debug info
     1>fltk.lib(fl_vertex.obj) : warning LNK4204: '\\wfs1\users$\tianqi\Desktop\newest\updated\MyTrain (Tianqi)\Train2014\TrainFiles\Debug\vc120.pdb' is missing debugging information for referencing module; linking object as if no debug info
     1>fltk.lib(Fl_Widget.obj) : warning LNK4204: '\\wfs1\users$\tianqi\Desktop\newest\updated\MyTrain (Tianqi)\Train2014\TrainFiles\Debug\vc120.pdb' is missing debugging information for referencing module; linking object as if no debug info
     1>fltk.lib(Fl_Window.obj) : warning LNK4204: '\\wfs1\users$\tianqi\Desktop\newest\updated\MyTrain (Tianqi)\Train2014\TrainFiles\Debug\vc120.pdb' is missing debugging information for referencing module; linking object as if no debug info
     1>fltk.lib(Fl_Window_hotspot.obj) : warning LNK4204: '\\wfs1\users$\tianqi\Desktop\newest\updated\MyTrain (Tianqi)\Train2014\TrainFiles\Debug\vc120.pdb' is missing debugging information for referencing module; linking object as if no debug info
     1>fltk.lib(Fl_XBM_Image.obj) : warning LNK4204: '\\wfs1\users$\tianqi\Desktop\newest\updated\MyTrain (Tianqi)\Train2014\TrainFiles\Debug\vc120.pdb' is missing debugging information for referencing module; linking object as if no debug info
     1>fltk.lib(Fl_XPM_Image.obj) : warning LNK4204: '\\wfs1\users$\tianqi\Desktop\newest\updated\MyTrain (Tianqi)\Train2014\TrainFiles\Debug\vc120.pdb' is missing debugging information for referencing module; linking object as if no debug info
     1>fltk.lib(flstring.obj) : warning LNK4204: '\\wfs1\users$\tianqi\Desktop\newest\updated\MyTrain (Tianqi)\Train2014\TrainFiles\Debug\vc120.pdb' is missing debugging information for referencing module; linking object as if no debug info
     1>fltk.lib(is_spacing.obj) : warning LNK4204: '\\wfs1\users$\tianqi\Desktop\newest\updated\MyTrain (Tianqi)\Train2014\TrainFiles\Debug\vc120.pdb' is missing debugging information for referencing module; linking object as if no debug info
     1>fltk.lib(numericsort.obj) : warning LNK4204: '\\wfs1\users$\tianqi\Desktop\newest\updated\MyTrain (Tianqi)\Train2014\TrainFiles\Debug\vc120.pdb' is missing debugging information for referencing module; linking object as if no debug info
     1>fltk.lib(scandir.obj) : warning LNK4204: '\\wfs1\users$\tianqi\Desktop\newest\updated\MyTrain (Tianqi)\Train2014\TrainFiles\Debug\vc120.pdb' is missing debugging information for referencing module; linking object as if no debug info
     1>fltk.lib(screen_xywh.obj) : warning LNK4204: '\\wfs1\users$\tianqi\Desktop\newest\updated\MyTrain (Tianqi)\Train2014\TrainFiles\Debug\vc120.pdb' is missing debugging information for referencing module; linking object as if no debug info
     1>fltk.lib(vsnprintf.obj) : warning LNK4204: '\\wfs1\users$\tianqi\Desktop\newest\updated\MyTrain (Tianqi)\Train2014\TrainFiles\Debug\vc120.pdb' is missing debugging information for referencing module; linking object as if no debug info
         Train.vcxproj -> \\wfs1\users$\tianqi\Desktop\newest\updated\MyTrain (Tianqi)\Train2014\TrainFiles\Debug\Train.exe
     1>Done Building Project "\\wfs1\users$\tianqi\Desktop\newest\updated\MyTrain (Tianqi)\Train2014\TrainFiles\Train.vcxproj" (Build target(s)).

Build succeeded.

Time Elapsed 00:00:05.00
